[2024-05-16 00:59:18.957] [SYNTHPLE] [debug] 
***************************************
***************************************


Starting Synthple.
[2024-05-16 00:59:19.044] [MidiReader 0] [info] path = "./data/midi/midi_test_case.mid", ENTER constructor
[2024-05-16 00:59:19.044] [MidiReader 0] [debug] populating. Getting 17 events.
[2024-05-16 00:59:19.044] [MidiReader 0] [debug] file events:
Note: "C3 *ON* " at "0ticks"
Note: "C3 *OFF* " at "335ticks"
Note: "C3 *ON* " at "960ticks"
Note: "C3 *OFF* " at "1295ticks"
Note: "C3 *ON* " at "1920ticks"
Note: "C3 *OFF* " at "2255ticks"
Note: "C3 *ON* " at "2880ticks"
Note: "C3 *OFF* " at "3215ticks"
Note: "A2 *ON* " at "3840ticks"
Note: "A2 *OFF* " at "4175ticks"
Note: "A2 *ON* " at "4800ticks"
Note: "A2 *OFF* " at "5135ticks"
Note: "A2 *ON* " at "5760ticks"
Note: "A2 *OFF* " at "6095ticks"
Note: "A2 *ON* " at "6720ticks"
Note: "A2 *OFF* " at "7055ticks"
Note: "A4 *OFF* " at "7055ticks"

[2024-05-16 00:59:19.044] [MidiReader 0] [debug] Midi File time params:
TOTAL DURATION OF PLAY:8s - 3840 ticks
SINGLE TICK DURATION: '0.0020833334's
END_OF_SEQUENCE TICK: 7055

[2024-05-16 00:59:19.044] [Mixer] [debug] Mixer setup complete, loaded 1 tracks, 1 sections
[2024-05-16 00:59:19.472] [MidiReader 0] [debug] Transitioning into new event at ticks=335
NOTE_OFF
NOTE=C3
[2024-05-16 01:00:15.142] [SYNTHPLE] [debug] 
***************************************
***************************************


Starting Synthple.
[2024-05-16 01:00:15.236] [MidiReader 0] [info] path = "./data/midi/midi_test_case.mid", ENTER constructor
[2024-05-16 01:00:15.236] [MidiReader 0] [debug] populating. Getting 17 events.
[2024-05-16 01:00:15.236] [MidiReader 0] [debug] file events:
Note: "C3 *ON* " at "0ticks"
Note: "C3 *OFF* " at "335ticks"
Note: "C3 *ON* " at "960ticks"
Note: "C3 *OFF* " at "1295ticks"
Note: "C3 *ON* " at "1920ticks"
Note: "C3 *OFF* " at "2255ticks"
Note: "C3 *ON* " at "2880ticks"
Note: "C3 *OFF* " at "3215ticks"
Note: "A2 *ON* " at "3840ticks"
Note: "A2 *OFF* " at "4175ticks"
Note: "A2 *ON* " at "4800ticks"
Note: "A2 *OFF* " at "5135ticks"
Note: "A2 *ON* " at "5760ticks"
Note: "A2 *OFF* " at "6095ticks"
Note: "A2 *ON* " at "6720ticks"
Note: "A2 *OFF* " at "7055ticks"
Note: "A4 *OFF* " at "7055ticks"

[2024-05-16 01:00:15.236] [MidiReader 0] [debug] Midi File time params:
TOTAL DURATION OF PLAY:8s - 3840 ticks
SINGLE TICK DURATION: '0.0020833334's
END_OF_SEQUENCE TICK: 7055

[2024-05-16 01:00:15.236] [Mixer] [debug] Mixer setup complete, loaded 1 tracks, 1 sections
[2024-05-16 01:00:15.664] [MidiReader 0] [debug] Transitioning into new event at ticks=335
NOTE_OFF
NOTE=C3
